<?xml version="1.0" encoding="UTF-8"?>
<!-- Generated by org.testng.reporters.JUnitXMLReporter -->
<testsuite hostname="shubhagg-mac" ignored="0" name="Test" tests="8" failures="0" timestamp="2022-07-15T12:07:10 IST" time="37.502" errors="0">
  <testcase name="searchTest1" time="5.184" classname="qa.testcases.ExecuteTest"/>
  <testcase name="searchTest2" time="9.448" classname="qa.testcases.PlanVacationTest1"/>
  <testcase name="clickplanvacation" time="10.106" classname="qa.testcases.PlanVacationTest"/>
  <testcase name="homePageTitleTest" time="0.013" classname="qa.testcases.PlanVacationTest1"/>
  <testcase name="homePageTitleTest" time="0.005" classname="qa.testcases.PlanVacationTest"/>
  <testcase name="searchTest2" time="6.503" classname="qa.testcases.ExecuteTest"/>
  <testcase name="searchTest3" time="3.765" classname="qa.testcases.ExecuteTest"/>
  <testcase name="searchTest4" time="3.461" classname="qa.testcases.ExecuteTest"/>
</testsuite> <!-- Test -->
